Removed Pin From Net: NetName=GND Pin=J1-2
Added Component: Designator=C4(CAPC1608X09N)
Add component (AddParameter): Name = "Manufacturer 1"; Value = "Samsung Electro-Mechanics"; VariantName = "[No Variations]"
Add component (AddParameter): Name = "Manufacturer 2"; Value = "Taiyo Yuden"; VariantName = "[No Variations]"
Add component (AddParameter): Name = "Manufacturer Part Number 1"; Value = "CL10A104KA8NNNC"; VariantName = "[No Variations]"
Add component (AddParameter): Name = "Manufacturer Part Number 2"; Value = "EMK107BJ104KAHT"; VariantName = "[No Variations]"
Add component (AddParameter): Name = "Operating Temperature"; Value = "-55°C ~ 85°C"; VariantName = "[No Variations]"
Add component (AddParameter): Name = "Package / Case"; Value = "0603"; VariantName = "[No Variations]"
Add component (AddParameter): Name = "Size / Dimension"; Value = "0.063" L x 0.031" W (1.60mm x 0.80mm)"; VariantName = "[No Variations]"
Add component (AddParameter): Name = "Supplier 1"; Value = "Digi-Key"; VariantName = "[No Variations]"
Add component (AddParameter): Name = "Supplier 2"; Value = "Digi-Key"; VariantName = "[No Variations]"
Add component (AddParameter): Name = "Supplier Link 1"; Value = "http://www.samsungsem.com/kr/support/product-search/mlcc/CL10A104KA8NNNC.jsp"; VariantName = "[No Variations]"
Add component (AddParameter): Name = "Supplier Part Number 1"; Value = "1276-1857-1-ND"; VariantName = "[No Variations]"
Add component (AddParameter): Name = "Supplier Part Number 2"; Value = "587-3308-1-ND"; VariantName = "[No Variations]"
Add component (AddParameter): Name = "Temperature Coefficient"; Value = "X5R"; VariantName = "[No Variations]"
Add component (AddParameter): Name = "Tolerance"; Value = "20%"; VariantName = "[No Variations]"
Add component (AddParameter): Name = "TPN"; Value = "CAP-SMT-0001"; VariantName = "[No Variations]"
Add component (AddParameter): Name = "Value"; Value = "0.1 uF"; VariantName = "[No Variations]"
Add component (AddParameter): Name = "Voltage-Rated"; Value = "25V"; VariantName = "[No Variations]"
Added Component: Designator=Q3(DPAK228P991X238-3N_NTD4815NHT4G)
Add component (AddParameter): Name = "ComponentLink1Description"; Value = "Datasheet"; VariantName = "[No Variations]"
Add component (AddParameter): Name = "ComponentLink1URL"; Value = "https://www.onsemi.com/pdf/datasheet/ntd4815nh-d.pdf"; VariantName = "[No Variations]"
Add component (AddParameter): Name = "ComponentLink2Description"; Value = "Supplier Link"; VariantName = "[No Variations]"
Add component (AddParameter): Name = "ComponentLink2URL"; Value = "https://www.digikey.com/en/products/detail/onsemi/NTD4815NHT4G/1792971"; VariantName = "[No Variations]"
Add component (AddParameter): Name = "Current - Max Continuous"; Value = "6.9A"; VariantName = "[No Variations]"
Add component (AddParameter): Name = "Drain to Source Voltage (Vdss)"; Value = "30V"; VariantName = "[No Variations]"
Add component (AddParameter): Name = "Drive Voltage (Max Rds On, Min Rds On)"; Value = "4.5V, 11.5V"; VariantName = "[No Variations]"
Add component (AddParameter): Name = "Gate Charge (Qg) (Max) @ Vgs"; Value = "6.8 nC @ 4.5 V"; VariantName = "[No Variations]"
Add component (AddParameter): Name = "Gate Charge (Qg) @ Vgs"; Value = "6.8 nC @ 4.5 V"; VariantName = "[No Variations]"
Add component (AddParameter): Name = "Manufacturer"; Value = "onsemi"; VariantName = "[No Variations]"
Add component (AddParameter): Name = "Manufacturer Part Number"; Value = "NTD4815NHT4G"; VariantName = "[No Variations]"
Add component (AddParameter): Name = "Operating Temperature"; Value = "-55°C ~ 175°C (TJ)"; VariantName = "[No Variations]"
Add component (AddParameter): Name = "Package / Case"; Value = "TO-252-3, DPak (2 Leads + Tab), SC-63"; VariantName = "[No Variations]"
Add component (AddParameter): Name = "Rds On (Max) @ Id, Vgs"; Value = "15mOhm @ 30A, 10V"; VariantName = "[No Variations]"
Add component (AddParameter): Name = "Supplier 1"; Value = "Digi-Key"; VariantName = "[No Variations]"
Add component (AddParameter): Name = "Supplier 1 Part Number"; Value = "NTD4815NHT4GOSCT-ND"; VariantName = "[No Variations]"
Add component (AddParameter): Name = "TPN"; Value = "NMOS-0002"; VariantName = "[No Variations]"
Add component (AddParameter): Name = "Type"; Value = "NFET"; VariantName = "[No Variations]"
Add component (AddParameter): Name = "Vgs (Max)"; Value = "20V"; VariantName = "[No Variations]"
Add component (AddParameter): Name = "Vgs(th) (Max) @ Id"; Value = "2.5V @ 250µA"; VariantName = "[No Variations]"
Added Pin To Net: NetName=GND Pin=C4-2
Added Pin To Net: NetName=12V0 Pin=Q3-G
Added Pin To Net: NetName=GND Pin=Q3-S
Added Pin To Net: NetName=NetC4_1 Pin=C4-1
Added Pin To Net: NetName=NetC4_1 Pin=R2-1
Added Pin To Net: NetName=NetC4_1 Pin=U1-5
Added Net: Name=NetC4_1
Added Pin To Net: NetName=NetJ1_2 Pin=J1-2
Added Pin To Net: NetName=NetJ1_2 Pin=Q3-D
Added Net: Name=NetJ1_2
Added Member To Class: ClassName=BUCK Member=Component C4 CAP
Added Member To Class: ClassName=Dustbike_Core_Top Member=Component Q3 NFET_SOT323
