Added Component: Designator=J7(WURTH_691311500108)
Add component (AddParameter): Name = "Body Color"; Value = "Green"; VariantName = "[No Variations]"
Add component (AddParameter): Name = "Connector Type"; Value = "Header, Male Pins, Shrouded (4 Side)"; VariantName = "[No Variations]"
Add component (AddParameter): Name = "Contact Material"; Value = "Brass"; VariantName = "[No Variations]"
Add component (AddParameter): Name = "Contact Material - Plating"; Value = "Brass"; VariantName = "[No Variations]"
Add component (AddParameter): Name = "Current Rating"; Value = "20A"; VariantName = "[No Variations]"
Add component (AddParameter): Name = "Gender"; Value = "Male Pins"; VariantName = "[No Variations]"
Add component (AddParameter): Name = "Housing Material"; Value = "Polybutylene Terephthalate (PBT)"; VariantName = "[No Variations]"
Add component (AddParameter): Name = "Manufacturer 1"; Value = "Würth Elektronik"; VariantName = "[No Variations]"
Add component (AddParameter): Name = "Manufacturer Part Number"; Value = ""; VariantName = "[No Variations]"
Add component (AddParameter): Name = "Manufacturer Part Number 1"; Value = "691311500108"; VariantName = "[No Variations]"
Add component (AddParameter): Name = "Mounting Type"; Value = "Through Hole"; VariantName = "[No Variations]"
Add component (AddParameter): Name = "Number of Positions/Contacts"; Value = "8"; VariantName = "[No Variations]"
Add component (AddParameter): Name = "Operating Temperature"; Value = "-40°C ~ 105°C"; VariantName = "[No Variations]"
Add component (AddParameter): Name = "Series"; Value = "WR-TBL Series 311"; VariantName = "[No Variations]"
Add component (AddParameter): Name = "Supplier 1"; Value = "Digi-Key"; VariantName = "[No Variations]"
Add component (AddParameter): Name = "Supplier Link 1"; Value = "https://www.digikey.com/en/products/detail/w%C3%BCrth-elektronik/691311500108/2060559"; VariantName = "[No Variations]"
Add component (AddParameter): Name = "Supplier Part Number 1"; Value = "732-2063-ND"; VariantName = "[No Variations]"
Add component (AddParameter): Name = "TPN"; Value = "GEN-CN-0004"; VariantName = "[No Variations]"
Add component (AddParameter): Name = "Voltage - Rated"; Value = "300V"; VariantName = "[No Variations]"
Added Component: Designator=J10(WURTH_691311500108)
Add component (AddParameter): Name = "Body Color"; Value = "Green"; VariantName = "[No Variations]"
Add component (AddParameter): Name = "Connector Type"; Value = "Header, Male Pins, Shrouded (4 Side)"; VariantName = "[No Variations]"
Add component (AddParameter): Name = "Contact Material"; Value = "Brass"; VariantName = "[No Variations]"
Add component (AddParameter): Name = "Contact Material - Plating"; Value = "Brass"; VariantName = "[No Variations]"
Add component (AddParameter): Name = "Current Rating"; Value = "20A"; VariantName = "[No Variations]"
Add component (AddParameter): Name = "Gender"; Value = "Male Pins"; VariantName = "[No Variations]"
Add component (AddParameter): Name = "Housing Material"; Value = "Polybutylene Terephthalate (PBT)"; VariantName = "[No Variations]"
Add component (AddParameter): Name = "Manufacturer 1"; Value = "Würth Elektronik"; VariantName = "[No Variations]"
Add component (AddParameter): Name = "Manufacturer Part Number"; Value = ""; VariantName = "[No Variations]"
Add component (AddParameter): Name = "Manufacturer Part Number 1"; Value = "691311500108"; VariantName = "[No Variations]"
Add component (AddParameter): Name = "Mounting Type"; Value = "Through Hole"; VariantName = "[No Variations]"
Add component (AddParameter): Name = "Number of Positions/Contacts"; Value = "8"; VariantName = "[No Variations]"
Add component (AddParameter): Name = "Operating Temperature"; Value = "-40°C ~ 105°C"; VariantName = "[No Variations]"
Add component (AddParameter): Name = "Series"; Value = "WR-TBL Series 311"; VariantName = "[No Variations]"
Add component (AddParameter): Name = "Supplier 1"; Value = "Digi-Key"; VariantName = "[No Variations]"
Add component (AddParameter): Name = "Supplier Link 1"; Value = "https://www.digikey.com/en/products/detail/w%C3%BCrth-elektronik/691311500108/2060559"; VariantName = "[No Variations]"
Add component (AddParameter): Name = "Supplier Part Number 1"; Value = "732-2063-ND"; VariantName = "[No Variations]"
Add component (AddParameter): Name = "TPN"; Value = "GEN-CN-0004"; VariantName = "[No Variations]"
Add component (AddParameter): Name = "Voltage - Rated"; Value = "300V"; VariantName = "[No Variations]"
Add Component: Footprint Not Found 125CDMCCDS-100MC
Add Component: Footprint Not Found DPAK228P991X238-3N_NTD4815NHT4G
Add Component: Footprint Not Found DPAK228P991X238-3N_NTD4815NHT4G
Add Component: Footprint Not Found DPAK228P991X238-3N_NTD4815NHT4G
Add Component: Footprint Not Found DPAK228P991X238-3N_NTD4815NHT4G
Add Component: Footprint Not Found DPAK228P991X238-3N_NTD4815NHT4G
Add Component: Footprint Not Found SOT95P280X120-5N_R1224N102M
Add Pin To Net: Unknown Pin: Pin D1-A
Add Pin To Net: Unknown Pin: Pin D1-K
Added Pin To Net: NetName=CTRL_IN_1 Pin=J7-1
Added Pin To Net: NetName=CTRL_IN_2 Pin=J7-2
Added Pin To Net: NetName=CTRL_IN_3 Pin=J7-3
Added Pin To Net: NetName=CTRL_IN_4 Pin=J7-4
Added Pin To Net: NetName=CTRL_IN_5 Pin=J7-5
Added Pin To Net: NetName=CTRL_IN_6 Pin=J7-6
Added Pin To Net: NetName=CTRL_IN_7 Pin=J7-7
Added Pin To Net: NetName=GND Pin=J7-8
Added Pin To Net: NetName=12V0 Pin=J10-1
Added Pin To Net: NetName=5V0 Pin=J10-2
Added Pin To Net: NetName=LSS4_SPARE Pin=J10-3
Added Pin To Net: NetName=LSS5_SPARE Pin=J10-4
Added Pin To Net: NetName=SPARE_PB_6 Pin=J10-5
Added Pin To Net: NetName=SPARE_PB_7 Pin=J10-6
Added Pin To Net: NetName=GND Pin=J10-7
Added Pin To Net: NetName=GND Pin=J10-8
Add Pin To Net: Unknown Pin: Pin L1-1
Add Pin To Net: Unknown Pin: Pin L1-2
Add Pin To Net: Unknown Pin: Pin Q2_LSS3-D
Add Pin To Net: Unknown Pin: Pin Q2_LSS3-G
Add Pin To Net: Unknown Pin: Pin Q2_LSS3-S
Add Pin To Net: Unknown Pin: Pin Q2_LSS11-D
Add Pin To Net: Unknown Pin: Pin Q2_LSS11-G
Add Pin To Net: Unknown Pin: Pin Q2_LSS11-S
Add Pin To Net: Unknown Pin: Pin Q2_LSS12-D
Add Pin To Net: Unknown Pin: Pin Q2_LSS12-G
Add Pin To Net: Unknown Pin: Pin Q2_LSS12-S
Add Pin To Net: Unknown Pin: Pin Q2_LSS21-D
Add Pin To Net: Unknown Pin: Pin Q2_LSS21-G
Add Pin To Net: Unknown Pin: Pin Q2_LSS21-S
Add Pin To Net: Unknown Pin: Pin Q2_LSS22-D
Add Pin To Net: Unknown Pin: Pin Q2_LSS22-G
Add Pin To Net: Unknown Pin: Pin Q2_LSS22-S
Add Pin To Net: Unknown Pin: Pin U1-1
Add Pin To Net: Unknown Pin: Pin U1-2
Add Pin To Net: Unknown Pin: Pin U1-3
Add Pin To Net: Unknown Pin: Pin U1-4
Add Pin To Net: Unknown Pin: Pin U1-5
Added Member To Class: ClassName=Dustbike_Core_Top Member=Component J7 HDR_8POS
Added Member To Class: ClassName=Dustbike_Core_Top Member=Component J10 HDR_8POS
Add Class Member: Failed to add class member : Component L1 INDUCTOR
Add Class Member: Failed to add class member : Component Q2_LSS3 (Q2) NFET_SOT323
Add Class Member: Failed to add class member : Component Q2_LSS11 (Q2) NFET_SOT323
Add Class Member: Failed to add class member : Component Q2_LSS12 (Q2) NFET_SOT323
Add Class Member: Failed to add class member : Component Q2_LSS21 (Q2) NFET_SOT323
Add Class Member: Failed to add class member : Component Q2_LSS22 (Q2) NFET_SOT323
Add Class Member: Failed to add class member : Component U1 R1224N102M
